Interval	Transfer	Bandwidth	Retr	Cwnd
72.1	KBytes	590	Kbits/sec	0	29.7	KBytes	
0.00	Bytes	0.00	bits/sec	3	14.1	KBytes	
39.6	KBytes	324	Kbits/sec	1	12.7	KBytes	
0.00	Bytes	0.00	bits/sec	0	7.07	KBytes	
132	KBytes	1.08	Mbits/sec	0	7.07	KBytes	
41.0	KBytes	336	Kbits/sec	0	11.3	KBytes	
35.4	KBytes	290	Kbits/sec	0	11.3	KBytes	
9.90	KBytes	81.0	Kbits/sec	1	8.48	KBytes	
19.8	KBytes	162	Kbits/sec	0	5.66	KBytes	
29.7	KBytes	243	Kbits/sec	0	8.48	KBytes	
45.2	KBytes	371	Kbits/sec	0	8.48	KBytes	
15.6	KBytes	127	Kbits/sec	0	9.90	KBytes	
53.7	KBytes	441	Kbits/sec	0	11.3	KBytes	
106	KBytes	869	Kbits/sec	0	12.7	KBytes	
79.2	KBytes	649	Kbits/sec	0	11.3	KBytes	
19.8	KBytes	162	Kbits/sec	0	9.90	KBytes	
15.6	KBytes	127	Kbits/sec	0	9.90	KBytes	
41.0	KBytes	336	Kbits/sec	0	9.90	KBytes	
33.9	KBytes	278	Kbits/sec	0	11.3	KBytes	
8.48	KBytes	69.5	Kbits/sec	3	5.66	KBytes	
9.90	KBytes	81.1	Kbits/sec	0	5.66	KBytes	
46.7	KBytes	383	Kbits/sec	0	11.3	KBytes	
4.24	KBytes	34.7	Kbits/sec	2	5.66	KBytes	
65.0	KBytes	533	Kbits/sec	0	8.48	KBytes	
28.3	KBytes	232	Kbits/sec	0	5.66	KBytes	
28.3	KBytes	232	Kbits/sec	0	11.3	KBytes	
14.1	KBytes	116	Kbits/sec	0	12.7	KBytes	
9.90	KBytes	81.1	Kbits/sec	2	5.66	KBytes	
21.2	KBytes	174	Kbits/sec	0	5.66	KBytes	
14.1	KBytes	116	Kbits/sec	1	4.24	KBytes	
4.24	KBytes	34.8	Kbits/sec	0	4.24	KBytes	
11.3	KBytes	92.7	Kbits/sec	0	7.07	KBytes	
21.2	KBytes	174	Kbits/sec	0	9.90	KBytes	
24.0	KBytes	197	Kbits/sec	0	11.3	KBytes	
69.3	KBytes	568	Kbits/sec	0	18.4	KBytes	
55.1	KBytes	452	Kbits/sec	0	14.1	KBytes	
38.2	KBytes	313	Kbits/sec	0	12.7	KBytes	
15.6	KBytes	127	Kbits/sec	0	11.3	KBytes	
21.2	KBytes	174	Kbits/sec	0	11.3	KBytes	
24.0	KBytes	197	Kbits/sec	0	8.48	KBytes	
63.6	KBytes	521	Kbits/sec	0	7.07	KBytes	
31.1	KBytes	255	Kbits/sec	0	5.66	KBytes	
50.9	KBytes	417	Kbits/sec	0	12.7	KBytes	
100	KBytes	822	Kbits/sec	0	12.7	KBytes	
36.8	KBytes	301	Kbits/sec	1	1.41	KBytes	
45.2	KBytes	371	Kbits/sec	0	9.90	KBytes	
43.8	KBytes	359	Kbits/sec	0	7.07	KBytes	
36.8	KBytes	301	Kbits/sec	0	7.07	KBytes	
53.7	KBytes	440	Kbits/sec	0	12.7	KBytes	
59.4	KBytes	487	Kbits/sec	0	15.6	KBytes	
49.5	KBytes	405	Kbits/sec	0	19.8	KBytes	
60.8	KBytes	498	Kbits/sec	0	19.8	KBytes	
63.6	KBytes	521	Kbits/sec	0	19.8	KBytes	
49.5	KBytes	405	Kbits/sec	0	22.6	KBytes	
45.2	KBytes	371	Kbits/sec	5	11.3	KBytes	
39.6	KBytes	324	Kbits/sec	0	9.90	KBytes	
0.00	Bytes	0.00	bits/sec	0	9.90	KBytes	
17.0	KBytes	139	Kbits/sec	2	4.24	KBytes	
12.7	KBytes	104	Kbits/sec	0	4.24	KBytes	
21.2	KBytes	174	Kbits/sec	0	8.48	KBytes	
9.90	KBytes	81.0	Kbits/sec	0	8.48	KBytes	
0.00	Bytes	0.00	bits/sec	0	8.48	KBytes	
18.4	KBytes	151	Kbits/sec	3	5.66	KBytes	
18.4	KBytes	151	Kbits/sec	0	8.48	KBytes	
29.7	KBytes	243	Kbits/sec	0	9.90	KBytes	
11.3	KBytes	92.6	Kbits/sec	0	11.3	KBytes	
17.0	KBytes	139	Kbits/sec	0	12.7	KBytes	
67.9	KBytes	557	Kbits/sec	0	14.1	KBytes	
94.7	KBytes	776	Kbits/sec	0	15.6	KBytes	
99.0	KBytes	811	Kbits/sec	0	12.7	KBytes	
41.0	KBytes	336	Kbits/sec	0	12.7	KBytes	
18.4	KBytes	150	Kbits/sec	0	14.1	KBytes	
8.48	KBytes	69.5	Kbits/sec	1	9.90	KBytes	
0.00	Bytes	0.00	bits/sec	0	7.07	KBytes	
82.0	KBytes	672	Kbits/sec	1	9.90	KBytes	
52.3	KBytes	429	Kbits/sec	0	14.1	KBytes	
52.3	KBytes	429	Kbits/sec	0	11.3	KBytes	
60.8	KBytes	498	Kbits/sec	0	11.3	KBytes	
63.6	KBytes	521	Kbits/sec	0	17.0	KBytes	
45.2	KBytes	371	Kbits/sec	2	7.07	KBytes	
52.3	KBytes	429	Kbits/sec	0	8.48	KBytes	
50.9	KBytes	417	Kbits/sec	0	5.66	KBytes	
53.7	KBytes	440	Kbits/sec	0	9.90	KBytes	
74.9	KBytes	614	Kbits/sec	0	15.6	KBytes	
52.3	KBytes	429	Kbits/sec	0	18.4	KBytes	
63.6	KBytes	521	Kbits/sec	0	24.0	KBytes	
45.2	KBytes	371	Kbits/sec	0	22.6	KBytes	
87.7	KBytes	718	Kbits/sec	2	9.90	KBytes	
45.2	KBytes	371	Kbits/sec	0	9.90	KBytes	
62.2	KBytes	510	Kbits/sec	0	14.1	KBytes	
83.4	KBytes	683	Kbits/sec	0	12.7	KBytes	
62.2	KBytes	510	Kbits/sec	0	11.3	KBytes	
56.6	KBytes	463	Kbits/sec	0	12.7	KBytes	
52.3	KBytes	429	Kbits/sec	0	15.6	KBytes	
39.6	KBytes	324	Kbits/sec	0	14.1	KBytes	
5.66	KBytes	46.3	Kbits/sec	0	12.7	KBytes	
73.5	KBytes	603	Kbits/sec	0	15.6	KBytes	
49.5	KBytes	405	Kbits/sec	0	14.1	KBytes	
90.5	KBytes	741	Kbits/sec	0	14.1	KBytes	
55.1	KBytes	452	Kbits/sec	0	17.0	KBytes	
56.6	KBytes	463	Kbits/sec	0	11.3	KBytes	
19.8	KBytes	162	Kbits/sec	2	7.07	KBytes	
19.8	KBytes	162	Kbits/sec	0	5.66	KBytes	
72.1	KBytes	591	Kbits/sec	0	11.3	KBytes	
72.1	KBytes	591	Kbits/sec	0	7.07	KBytes	
90.5	KBytes	741	Kbits/sec	0	8.48	KBytes	
65.0	KBytes	533	Kbits/sec	0	12.7	KBytes	
70.7	KBytes	579	Kbits/sec	0	11.3	KBytes	
59.4	KBytes	486	Kbits/sec	0	9.90	KBytes	
41.0	KBytes	336	Kbits/sec	1	4.24	KBytes	
76.4	KBytes	626	Kbits/sec	0	7.07	KBytes	
105	KBytes	857	Kbits/sec	0	15.6	KBytes	
102	KBytes	834	Kbits/sec	0	11.3	KBytes	
72.1	KBytes	591	Kbits/sec	0	12.7	KBytes	
110	KBytes	904	Kbits/sec	0	12.7	KBytes	
67.9	KBytes	556	Kbits/sec	0	7.07	KBytes	
43.8	KBytes	359	Kbits/sec	0	9.90	KBytes	
80.6	KBytes	660	Kbits/sec	0	9.90	KBytes	
39.6	KBytes	324	Kbits/sec	0	9.90	KBytes	
83.4	KBytes	684	Kbits/sec	0	9.90	KBytes	
99.0	KBytes	811	Kbits/sec	0	17.0	KBytes	
59.4	KBytes	487	Kbits/sec	0	15.6	KBytes	
17.0	KBytes	139	Kbits/sec	1	15.6	KBytes	
18.4	KBytes	151	Kbits/sec	0	17.0	KBytes	
52.3	KBytes	429	Kbits/sec	3	9.90	KBytes	
55.1	KBytes	452	Kbits/sec	0	7.07	KBytes	
31.1	KBytes	255	Kbits/sec	0	7.07	KBytes	
11.3	KBytes	92.6	Kbits/sec	3	2.83	KBytes	
2.83	KBytes	23.2	Kbits/sec	0	4.24	KBytes	
24.0	KBytes	197	Kbits/sec	0	8.48	KBytes	
45.2	KBytes	371	Kbits/sec	0	11.3	KBytes	
52.3	KBytes	429	Kbits/sec	0	11.3	KBytes	
39.6	KBytes	324	Kbits/sec	0	9.90	KBytes	
17.0	KBytes	139	Kbits/sec	0	11.3	KBytes	
24.0	KBytes	197	Kbits/sec	2	2.83	KBytes	
25.5	KBytes	209	Kbits/sec	0	7.07	KBytes	
14.1	KBytes	116	Kbits/sec	0	8.48	KBytes	
21.2	KBytes	174	Kbits/sec	0	9.90	KBytes	
22.6	KBytes	185	Kbits/sec	0	9.90	KBytes	
31.1	KBytes	255	Kbits/sec	0	9.90	KBytes	
22.6	KBytes	185	Kbits/sec	0	9.90	KBytes	
33.9	KBytes	278	Kbits/sec	0	7.07	KBytes	
38.2	KBytes	313	Kbits/sec	0	9.90	KBytes	
31.1	KBytes	255	Kbits/sec	0	9.90	KBytes	
42.4	KBytes	348	Kbits/sec	0	8.48	KBytes	
24.0	KBytes	197	Kbits/sec	0	4.24	KBytes	
19.8	KBytes	162	Kbits/sec	0	7.07	KBytes	
12.7	KBytes	104	Kbits/sec	0	8.48	KBytes	
36.8	KBytes	301	Kbits/sec	0	14.1	KBytes	
11.3	KBytes	92.6	Kbits/sec	0	12.7	KBytes	
28.3	KBytes	232	Kbits/sec	2	7.07	KBytes	
59.4	KBytes	487	Kbits/sec	0	5.66	KBytes	
11.3	KBytes	92.6	Kbits/sec	0	4.24	KBytes	
17.0	KBytes	139	Kbits/sec	1	5.66	KBytes	
28.3	KBytes	232	Kbits/sec	0	4.24	KBytes	
12.7	KBytes	104	Kbits/sec	0	5.66	KBytes	
87.7	KBytes	719	Kbits/sec	0	12.7	KBytes	
43.8	KBytes	359	Kbits/sec	0	14.1	KBytes	
41.0	KBytes	336	Kbits/sec	1	8.48	KBytes	
49.5	KBytes	406	Kbits/sec	2	8.48	KBytes	
73.5	KBytes	602	Kbits/sec	0	11.3	KBytes	
38.2	KBytes	313	Kbits/sec	0	9.90	KBytes	
26.9	KBytes	220	Kbits/sec	0	14.1	KBytes	
8.48	KBytes	69.5	Kbits/sec	2	7.07	KBytes	
36.8	KBytes	301	Kbits/sec	0	9.90	KBytes	
32.5	KBytes	267	Kbits/sec	0	12.7	KBytes	
18.4	KBytes	150	Kbits/sec	0	15.6	KBytes	
0.00	Bytes	0.00	bits/sec	0	15.6	KBytes	
0.00	Bytes	0.00	bits/sec	1	1.41	KBytes	
0.00	Bytes	0.00	bits/sec	0	1.41	KBytes	
18.4	KBytes	151	Kbits/sec	0	17.0	KBytes	
41.0	KBytes	336	Kbits/sec	0	19.8	KBytes	
19.8	KBytes	162	Kbits/sec	0	19.8	KBytes	
46.7	KBytes	382	Kbits/sec	1	15.6	KBytes	
32.5	KBytes	266	Kbits/sec	0	8.48	KBytes	
49.5	KBytes	406	Kbits/sec	0	11.3	KBytes	
62.2	KBytes	509	Kbits/sec	0	14.1	KBytes	
25.5	KBytes	209	Kbits/sec	2	7.07	KBytes	
25.5	KBytes	208	Kbits/sec	0	7.07	KBytes	
41.0	KBytes	336	Kbits/sec	0	7.07	KBytes	
21.2	KBytes	174	Kbits/sec	0	7.07	KBytes	
24.0	KBytes	197	Kbits/sec	0	5.66	KBytes	
15.6	KBytes	127	Kbits/sec	2	4.24	KBytes	
17.0	KBytes	139	Kbits/sec	0	8.48	KBytes	
25.5	KBytes	209	Kbits/sec	1	5.66	KBytes	
22.6	KBytes	185	Kbits/sec	0	5.66	KBytes	
25.5	KBytes	209	Kbits/sec	0	5.66	KBytes	
1.41	KBytes	11.6	Kbits/sec	0	5.66	KBytes	
26.9	KBytes	220	Kbits/sec	0	8.48	KBytes	
28.3	KBytes	232	Kbits/sec	0	9.90	KBytes	
29.7	KBytes	243	Kbits/sec	0	9.90	KBytes	
28.3	KBytes	232	Kbits/sec	0	8.48	KBytes	
38.2	KBytes	313	Kbits/sec	0	12.7	KBytes	
33.9	KBytes	278	Kbits/sec	0	11.3	KBytes	
29.7	KBytes	243	Kbits/sec	0	12.7	KBytes	
11.3	KBytes	92.6	Kbits/sec	0	12.7	KBytes	
0.00	Bytes	0.00	bits/sec	1	9.90	KBytes	
14.1	KBytes	116	Kbits/sec	0	5.66	KBytes	
11.3	KBytes	92.7	Kbits/sec	0	7.07	KBytes	
17.0	KBytes	139	Kbits/sec	0	8.48	KBytes	
31.1	KBytes	255	Kbits/sec	2	7.07	KBytes	
25.5	KBytes	208	Kbits/sec	0	5.66	KBytes	
28.3	KBytes	232	Kbits/sec	0	8.48	KBytes	
24.0	KBytes	197	Kbits/sec	0	8.48	KBytes	
9.90	KBytes	81.0	Kbits/sec	2	4.24	KBytes	
14.1	KBytes	116	Kbits/sec	0	4.24	KBytes	
21.2	KBytes	174	Kbits/sec	1	2.83	KBytes	
2.83	KBytes	23.1	Kbits/sec	0	2.83	KBytes	
7.07	KBytes	57.9	Kbits/sec	0	2.83	KBytes	
24.0	KBytes	197	Kbits/sec	1	7.07	KBytes	
15.6	KBytes	127	Kbits/sec	0	5.66	KBytes	
19.8	KBytes	162	Kbits/sec	0	8.48	KBytes	
56.6	KBytes	463	Kbits/sec	0	11.3	KBytes	
63.6	KBytes	521	Kbits/sec	0	7.07	KBytes	
24.0	KBytes	197	Kbits/sec	0	5.66	KBytes	
12.7	KBytes	104	Kbits/sec	0	7.07	KBytes	
25.5	KBytes	209	Kbits/sec	0	9.90	KBytes	
35.4	KBytes	289	Kbits/sec	0	12.7	KBytes	
41.0	KBytes	336	Kbits/sec	0	14.1	KBytes	
35.4	KBytes	290	Kbits/sec	0	12.7	KBytes	
26.9	KBytes	220	Kbits/sec	0	8.48	KBytes	
24.0	KBytes	197	Kbits/sec	0	9.90	KBytes	
19.8	KBytes	162	Kbits/sec	1	4.24	KBytes	
15.6	KBytes	127	Kbits/sec	1	4.24	KBytes	
18.4	KBytes	151	Kbits/sec	0	2.83	KBytes	
0.00	Bytes	0.00	bits/sec	1	1.41	KBytes	
9.90	KBytes	81.1	Kbits/sec	1	2.83	KBytes	
9.90	KBytes	81.1	Kbits/sec	1	4.24	KBytes	
2.83	KBytes	23.2	Kbits/sec	0	4.24	KBytes	
5.66	KBytes	46.3	Kbits/sec	0	2.83	KBytes	
0.00	Bytes	0.00	bits/sec	0	2.83	KBytes	
5.66	KBytes	46.3	Kbits/sec	2	2.83	KBytes	
17.0	KBytes	139	Kbits/sec	0	5.66	KBytes	
9.90	KBytes	81.1	Kbits/sec	2	2.83	KBytes	
25.5	KBytes	209	Kbits/sec	0	7.07	KBytes	
33.9	KBytes	278	Kbits/sec	0	11.3	KBytes	
26.9	KBytes	220	Kbits/sec	1	12.7	KBytes	
15.6	KBytes	127	Kbits/sec	0	11.3	KBytes	
45.2	KBytes	371	Kbits/sec	2	7.07	KBytes	
45.2	KBytes	371	Kbits/sec	0	8.48	KBytes	
32.5	KBytes	266	Kbits/sec	0	8.48	KBytes	
42.4	KBytes	348	Kbits/sec	0	9.90	KBytes	
21.2	KBytes	174	Kbits/sec	2	4.24	KBytes	
21.2	KBytes	174	Kbits/sec	0	8.48	KBytes	
48.1	KBytes	394	Kbits/sec	0	11.3	KBytes	
50.9	KBytes	417	Kbits/sec	0	12.7	KBytes	
26.9	KBytes	220	Kbits/sec	0	12.7	KBytes	
106	KBytes	869	Kbits/sec	0	18.4	KBytes	
72.1	KBytes	591	Kbits/sec	0	21.2	KBytes	
0.00	Bytes	0.00	bits/sec	1	1.41	KBytes	
39.6	KBytes	325	Kbits/sec	1	9.90	KBytes	
7.07	KBytes	57.9	Kbits/sec	3	5.66	KBytes	
39.6	KBytes	325	Kbits/sec	0	7.07	KBytes	
8.48	KBytes	69.4	Kbits/sec	1	4.24	KBytes	
25.5	KBytes	209	Kbits/sec	1	5.66	KBytes	
9.90	KBytes	81.0	Kbits/sec	0	7.07	KBytes	
24.0	KBytes	197	Kbits/sec	1	5.66	KBytes	
97.6	KBytes	799	Kbits/sec	0	8.48	KBytes	
32.5	KBytes	266	Kbits/sec	0	9.90	KBytes	
31.1	KBytes	255	Kbits/sec	0	7.07	KBytes	
18.4	KBytes	151	Kbits/sec	0	9.90	KBytes	
65.0	KBytes	533	Kbits/sec	0	11.3	KBytes	
65.0	KBytes	533	Kbits/sec	0	9.90	KBytes	
79.2	KBytes	648	Kbits/sec	0	9.90	KBytes	
25.5	KBytes	209	Kbits/sec	0	8.48	KBytes	
32.5	KBytes	266	Kbits/sec	0	7.07	KBytes	
32.5	KBytes	266	Kbits/sec	0	7.07	KBytes	
21.2	KBytes	174	Kbits/sec	0	7.07	KBytes	
9.90	KBytes	81.0	Kbits/sec	0	5.66	KBytes	
28.3	KBytes	232	Kbits/sec	0	9.90	KBytes	
67.9	KBytes	556	Kbits/sec	2	4.24	KBytes	
38.2	KBytes	313	Kbits/sec	0	5.66	KBytes	
4.24	KBytes	34.7	Kbits/sec	1	5.66	KBytes	
19.8	KBytes	162	Kbits/sec	1	5.66	KBytes	
5.66	KBytes	46.3	Kbits/sec	0	5.66	KBytes	
33.9	KBytes	278	Kbits/sec	0	5.66	KBytes	
22.6	KBytes	185	Kbits/sec	0	8.48	KBytes	
18.4	KBytes	150	Kbits/sec	1	7.07	KBytes	
49.5	KBytes	406	Kbits/sec	0	8.48	KBytes	
91.9	KBytes	753	Kbits/sec	0	11.3	KBytes	
45.2	KBytes	371	Kbits/sec	0	11.3	KBytes	
65.0	KBytes	533	Kbits/sec	0	12.7	KBytes	
147	KBytes	1.21	Mbits/sec	0	21.2	KBytes	
286	KBytes	2.34	Mbits/sec	0	14.1	KBytes	
294	KBytes	2.41	Mbits/sec	0	8.48	KBytes	
276	KBytes	2.26	Mbits/sec	0	8.48	KBytes	
277	KBytes	2.27	Mbits/sec	0	8.48	KBytes	
269	KBytes	2.20	Mbits/sec	0	7.07	KBytes	
266	KBytes	2.18	Mbits/sec	0	11.3	KBytes	
274	KBytes	2.25	Mbits/sec	0	9.90	KBytes	
274	KBytes	2.25	Mbits/sec	0	8.48	KBytes	
280	KBytes	2.29	Mbits/sec	0	8.48	KBytes	
272	KBytes	2.22	Mbits/sec	0	7.07	KBytes	
257	KBytes	2.11	Mbits/sec	0	7.07	KBytes	
272	KBytes	2.22	Mbits/sec	0	8.48	KBytes	
274	KBytes	2.25	Mbits/sec	0	7.07	KBytes	
260	KBytes	2.13	Mbits/sec	0	8.48	KBytes	
266	KBytes	2.18	Mbits/sec	0	7.07	KBytes	
260	KBytes	2.13	Mbits/sec	0	8.48	KBytes	
263	KBytes	2.15	Mbits/sec	0	8.48	KBytes	
-	-	-	-	-	-	-	-	-	-	-	-	-	-	-	-	-	-	-	-	-	-	-	-	-
Test	Complete.	Summary	Results:
[	ID]	Interval	Transfer	Bandwidth	Retr
14.7	MBytes	411	Kbits/sec	91	sender
14.7	MBytes	410	Kbits/sec	receiver
CPU	Utilization:	local/sender	0.1%	(0.0%u/0.1%s),	remote/receiver	0.0%	(0.0%u/0.0%s)

iperf	Done.
iperf	3.1.3
Linux	raspberrypi	4.14.34-v7+	#1110	SMP	Mon	Apr	16	15:18:51	BST	2018	armv7l
Time:	Thu,	24	May	2018	13:57:01	GMT
Connecting	to	host	10.2.1.6,	port	5201
	Cookie:	raspberrypi.1527170221.795928.3bb39d
	TCP	MSS:	1448	(default)
t	46414	connected	to	10.2.1.6	port	5201
Starting	Test:	protocol:	TCP,	1	streams,	131072	byte	blocks,	omitting	0	seconds,	300	second	test
[	ID]	Interval	Transfer	Bandwidth	Retr	Cwnd
	100	KBytes	822	Kbits/sec	0	38.2	KBytes	
8.48	KBytes	69.4	Kbits/sec	0	41.0	KBytes	
0.00	Bytes	0.00	bits/sec	2	31.1	KBytes	
50.9	KBytes	417	Kbits/sec	2	19.8	KBytes	
53.7	KBytes	440	Kbits/sec	0	19.8	KBytes	
19.8	KBytes	162	Kbits/sec	0	21.2	KBytes	
7.07	KBytes	57.9	Kbits/sec	0	21.2	KBytes	
63.6	KBytes	522	Kbits/sec	2	19.8	KBytes	
63.6	KBytes	521	Kbits/sec	2	5.66	KBytes	
29.7	KBytes	243	Kbits/sec	0	9.90	KBytes	
50.9	KBytes	417	Kbits/sec	0	14.1	KBytes	
35.4	KBytes	290	Kbits/sec	0	12.7	KBytes	
60.8	KBytes	498	Kbits/sec	1	7.07	KBytes	
33.9	KBytes	278	Kbits/sec	0	9.90	KBytes	
19.8	KBytes	162	Kbits/sec	0	7.07	KBytes	
22.6	KBytes	185	Kbits/sec	0	5.66	KBytes	
35.4	KBytes	290	Kbits/sec	0	8.48	KBytes	
99.0	KBytes	811	Kbits/sec	0	9.90	KBytes	
43.8	KBytes	359	Kbits/sec	0	5.66	KBytes	
11.3	KBytes	92.6	Kbits/sec	0	8.48	KBytes	
74.9	KBytes	614	Kbits/sec	0	9.90	KBytes	
41.0	KBytes	336	Kbits/sec	0	7.07	KBytes	
14.1	KBytes	116	Kbits/sec	0	7.07	KBytes	
38.2	KBytes	313	Kbits/sec	1	5.66	KBytes	
32.5	KBytes	267	Kbits/sec	0	8.48	KBytes	
52.3	KBytes	429	Kbits/sec	0	15.6	KBytes	
43.8	KBytes	359	Kbits/sec	0	15.6	KBytes	
33.9	KBytes	278	Kbits/sec	2	7.07	KBytes	
33.9	KBytes	278	Kbits/sec	0	5.66	KBytes	
8.48	KBytes	69.5	Kbits/sec	1	2.83	KBytes	
9.90	KBytes	81.1	Kbits/sec	1	2.83	KBytes	
5.66	KBytes	46.3	Kbits/sec	2	2.83	KBytes	
17.0	KBytes	139	Kbits/sec	0	5.66	KBytes	
14.1	KBytes	116	Kbits/sec	0	5.66	KBytes	
19.8	KBytes	162	Kbits/sec	0	4.24	KBytes	
22.6	KBytes	185	Kbits/sec	0	7.07	KBytes	
14.1	KBytes	116	Kbits/sec	0	4.24	KBytes	
5.66	KBytes	46.3	Kbits/sec	0	4.24	KBytes	
18.4	KBytes	151	Kbits/sec	0	7.07	KBytes	
18.4	KBytes	151	Kbits/sec	0	8.48	KBytes	
24.0	KBytes	197	Kbits/sec	1	4.24	KBytes	
24.0	KBytes	197	Kbits/sec	0	7.07	KBytes	
43.8	KBytes	359	Kbits/sec	0	8.48	KBytes	
38.2	KBytes	313	Kbits/sec	0	9.90	KBytes	
31.1	KBytes	255	Kbits/sec	0	8.48	KBytes	
18.4	KBytes	150	Kbits/sec	0	9.90	KBytes	
25.5	KBytes	209	Kbits/sec	0	9.90	KBytes	
1.41	KBytes	11.6	Kbits/sec	0	9.90	KBytes	
31.1	KBytes	255	Kbits/sec	1	7.07	KBytes	
11.3	KBytes	92.6	Kbits/sec	2	2.83	KBytes	
17.0	KBytes	139	Kbits/sec	0	5.66	KBytes	
18.4	KBytes	151	Kbits/sec	0	8.48	KBytes	
21.2	KBytes	174	Kbits/sec	1	5.66	KBytes	
79.2	KBytes	649	Kbits/sec	0	5.66	KBytes	
24.0	KBytes	197	Kbits/sec	0	8.48	KBytes	
24.0	KBytes	197	Kbits/sec	0	11.3	KBytes	
7.07	KBytes	57.9	Kbits/sec	0	9.90	KBytes	
0.00	Bytes	0.00	bits/sec	0	9.90	KBytes	
0.00	Bytes	0.00	bits/sec	0	9.90	KBytes	
19.8	KBytes	162	Kbits/sec	0	11.3	KBytes	
29.7	KBytes	244	Kbits/sec	0	11.3	KBytes	
15.6	KBytes	127	Kbits/sec	0	12.7	KBytes	
19.8	KBytes	162	Kbits/sec	2	5.66	KBytes	
31.1	KBytes	255	Kbits/sec	0	9.90	KBytes	
14.1	KBytes	116	Kbits/sec	5	4.24	KBytes	
35.4	KBytes	290	Kbits/sec	2	8.48	KBytes	
36.8	KBytes	301	Kbits/sec	0	11.3	KBytes	
18.4	KBytes	150	Kbits/sec	0	8.48	KBytes	
26.9	KBytes	220	Kbits/sec	0	8.48	KBytes	
67.9	KBytes	557	Kbits/sec	0	15.6	KBytes	
60.8	KBytes	498	Kbits/sec	0	12.7	KBytes	
59.4	KBytes	486	Kbits/sec	0	18.4	KBytes	
38.2	KBytes	313	Kbits/sec	0	19.8	KBytes	
22.6	KBytes	185	Kbits/sec	0	21.2	KBytes	
29.7	KBytes	243	Kbits/sec	0	22.6	KBytes	
0.00	Bytes	0.00	bits/sec	0	22.6	KBytes	
31.1	KBytes	255	Kbits/sec	5	11.3	KBytes	
	102	KBytes	834	Kbits/sec	0	8.48	KBytes	
26.9	KBytes	220	Kbits/sec	0	7.07	KBytes	
25.5	KBytes	209	Kbits/sec	0	9.90	KBytes	
31.1	KBytes	255	Kbits/sec	0	7.07	KBytes	
31.1	KBytes	255	Kbits/sec	0	11.3	KBytes	
19.8	KBytes	162	Kbits/sec	2	5.66	KBytes	
53.7	KBytes	440	Kbits/sec	0	9.90	KBytes	
28.3	KBytes	232	Kbits/sec	0	9.90	KBytes	
39.6	KBytes	324	Kbits/sec	1	7.07	KBytes	
29.7	KBytes	243	Kbits/sec	0	7.07	KBytes	
35.4	KBytes	290	Kbits/sec	0	8.48	KBytes	
17.0	KBytes	139	Kbits/sec	0	9.90	KBytes	
8.48	KBytes	69.5	Kbits/sec	0	11.3	KBytes	
15.6	KBytes	127	Kbits/sec	1	5.66	KBytes	
12.7	KBytes	104	Kbits/sec	1	2.83	KBytes	
25.5	KBytes	208	Kbits/sec	0	5.66	KBytes	
46.7	KBytes	383	Kbits/sec	0	9.90	KBytes	
38.2	KBytes	313	Kbits/sec	0	12.7	KBytes	
24.0	KBytes	197	Kbits/sec	0	14.1	KBytes	
17.0	KBytes	139	Kbits/sec	1	7.07	KBytes	
18.4	KBytes	151	Kbits/sec	0	7.07	KBytes	
7.07	KBytes	57.9	Kbits/sec	0	5.66	KBytes	
45.2	KBytes	371	Kbits/sec	0	11.3	KBytes	
15.6	KBytes	127	Kbits/sec	0	8.48	KBytes	
8.48	KBytes	69.5	Kbits/sec	0	8.48	KBytes	
11.3	KBytes	92.7	Kbits/sec	0	7.07	KBytes	
26.9	KBytes	220	Kbits/sec	0	5.66	KBytes	
33.9	KBytes	278	Kbits/sec	0	7.07	KBytes	
41.0	KBytes	336	Kbits/sec	0	7.07	KBytes	
17.0	KBytes	139	Kbits/sec	1	4.24	KBytes	
17.0	KBytes	139	Kbits/sec	2	4.24	KBytes	
26.9	KBytes	220	Kbits/sec	0	5.66	KBytes	
17.0	KBytes	139	Kbits/sec	0	5.66	KBytes	
18.4	KBytes	151	Kbits/sec	0	5.66	KBytes	
17.0	KBytes	139	Kbits/sec	0	5.66	KBytes	
26.9	KBytes	220	Kbits/sec	0	7.07	KBytes	
22.6	KBytes	185	Kbits/sec	0	7.07	KBytes	
12.7	KBytes	104	Kbits/sec	0	9.90	KBytes	
19.8	KBytes	162	Kbits/sec	0	9.90	KBytes	
22.6	KBytes	185	Kbits/sec	1	5.66	KBytes	
12.7	KBytes	104	Kbits/sec	1	2.83	KBytes	
26.9	KBytes	220	Kbits/sec	0	7.07	KBytes	
19.8	KBytes	162	Kbits/sec	0	8.48	KBytes	
21.2	KBytes	174	Kbits/sec	0	7.07	KBytes	
17.0	KBytes	139	Kbits/sec	0	5.66	KBytes	
22.6	KBytes	185	Kbits/sec	0	7.07	KBytes	
9.90	KBytes	81.1	Kbits/sec	0	8.48	KBytes	
39.6	KBytes	325	Kbits/sec	0	12.7	KBytes	
60.8	KBytes	498	Kbits/sec	0	14.1	KBytes	
19.8	KBytes	162	Kbits/sec	0	12.7	KBytes	
24.0	KBytes	197	Kbits/sec	2	4.24	KBytes	
29.7	KBytes	244	Kbits/sec	0	7.07	KBytes	
77.8	KBytes	637	Kbits/sec	0	11.3	KBytes	
31.1	KBytes	255	Kbits/sec	1	5.66	KBytes	
74.9	KBytes	614	Kbits/sec	0	11.3	KBytes	
62.2	KBytes	510	Kbits/sec	0	11.3	KBytes	
60.8	KBytes	498	Kbits/sec	1	9.90	KBytes	
53.7	KBytes	440	Kbits/sec	0	14.1	KBytes	
58.0	KBytes	475	Kbits/sec	0	14.1	KBytes	
70.7	KBytes	579	Kbits/sec	0	15.6	KBytes	
60.8	KBytes	498	Kbits/sec	2	12.7	KBytes	
	110	KBytes	904	Kbits/sec	0	17.0	KBytes	
86.3	KBytes	707	Kbits/sec	0	17.0	KBytes	
62.2	KBytes	510	Kbits/sec	0	15.6	KBytes	
11.3	KBytes	92.6	Kbits/sec	2	9.90	KBytes	
45.2	KBytes	371	Kbits/sec	0	5.66	KBytes	
21.2	KBytes	174	Kbits/sec	0	8.48	KBytes	
9.90	KBytes	81.1	Kbits/sec	0	8.48	KBytes	
18.4	KBytes	151	Kbits/sec	0	4.24	KBytes	
86.3	KBytes	707	Kbits/sec	0	8.48	KBytes	
15.6	KBytes	127	Kbits/sec	1	5.66	KBytes	
0.00	Bytes	0.00	bits/sec	0	2.83	KBytes	
0.00	Bytes	0.00	bits/sec	0	2.83	KBytes	
15.6	KBytes	127	Kbits/sec	2	4.24	KBytes	
35.4	KBytes	290	Kbits/sec	0	9.90	KBytes	
69.3	KBytes	567	Kbits/sec	0	7.07	KBytes	
11.3	KBytes	92.6	Kbits/sec	1	2.83	KBytes	
26.9	KBytes	220	Kbits/sec	0	4.24	KBytes	
42.4	KBytes	348	Kbits/sec	0	4.24	KBytes	
29.7	KBytes	243	Kbits/sec	0	7.07	KBytes	
15.6	KBytes	127	Kbits/sec	0	9.90	KBytes	
46.7	KBytes	382	Kbits/sec	0	5.66	KBytes	
11.3	KBytes	92.6	Kbits/sec	0	8.48	KBytes	
9.90	KBytes	81.1	Kbits/sec	0	9.90	KBytes	
21.2	KBytes	174	Kbits/sec	0	11.3	KBytes	
50.9	KBytes	417	Kbits/sec	0	12.7	KBytes	
21.2	KBytes	174	Kbits/sec	0	11.3	KBytes	
59.4	KBytes	487	Kbits/sec	0	12.7	KBytes	
49.5	KBytes	405	Kbits/sec	0	7.07	KBytes	
9.90	KBytes	81.1	Kbits/sec	3	4.24	KBytes	
55.1	KBytes	452	Kbits/sec	0	8.48	KBytes	
50.9	KBytes	417	Kbits/sec	0	9.90	KBytes	
9.90	KBytes	81.1	Kbits/sec	1	8.48	KBytes	
29.7	KBytes	244	Kbits/sec	1	5.66	KBytes	
25.5	KBytes	208	Kbits/sec	0	8.48	KBytes	
49.5	KBytes	406	Kbits/sec	0	9.90	KBytes	
46.7	KBytes	382	Kbits/sec	0	14.1	KBytes	
38.2	KBytes	313	Kbits/sec	1	5.66	KBytes	
56.6	KBytes	463	Kbits/sec	0	7.07	KBytes	
60.8	KBytes	498	Kbits/sec	0	8.48	KBytes	
66.5	KBytes	544	Kbits/sec	0	12.7	KBytes	
99.0	KBytes	811	Kbits/sec	0	11.3	KBytes	
48.1	KBytes	394	Kbits/sec	0	15.6	KBytes	
0.00	Bytes	0.00	bits/sec	1	1.41	KBytes	
31.1	KBytes	255	Kbits/sec	5	7.07	KBytes	
42.4	KBytes	347	Kbits/sec	0	12.7	KBytes	
50.9	KBytes	417	Kbits/sec	0	9.90	KBytes	
38.2	KBytes	313	Kbits/sec	0	9.90	KBytes	
65.0	KBytes	533	Kbits/sec	0	9.90	KBytes	
15.6	KBytes	127	Kbits/sec	1	4.24	KBytes	
18.4	KBytes	151	Kbits/sec	2	2.83	KBytes	
17.0	KBytes	139	Kbits/sec	0	5.66	KBytes	
65.0	KBytes	533	Kbits/sec	0	8.48	KBytes	
48.1	KBytes	394	Kbits/sec	0	12.7	KBytes	
7.07	KBytes	57.9	Kbits/sec	1	9.90	KBytes	
1.41	KBytes	11.6	Kbits/sec	4	5.66	KBytes	
58.0	KBytes	475	Kbits/sec	0	5.66	KBytes	
17.0	KBytes	139	Kbits/sec	0	8.48	KBytes	
70.7	KBytes	580	Kbits/sec	0	9.90	KBytes	
35.4	KBytes	290	Kbits/sec	0	9.90	KBytes	
49.5	KBytes	405	Kbits/sec	0	9.90	KBytes	
29.7	KBytes	243	Kbits/sec	0	9.90	KBytes	
72.1	KBytes	591	Kbits/sec	0	17.0	KBytes	
48.1	KBytes	394	Kbits/sec	0	19.8	KBytes	
49.5	KBytes	406	Kbits/sec	0	17.0	KBytes	
49.5	KBytes	405	Kbits/sec	0	21.2	KBytes	
0.00	Bytes	0.00	bits/sec	2	12.7	KBytes	
66.5	KBytes	545	Kbits/sec	2	7.07	KBytes	
69.3	KBytes	568	Kbits/sec	0	8.48	KBytes	
43.8	KBytes	359	Kbits/sec	0	7.07	KBytes	
25.5	KBytes	208	Kbits/sec	1	5.66	KBytes	
31.1	KBytes	255	Kbits/sec	0	9.90	KBytes	
38.2	KBytes	313	Kbits/sec	1	8.48	KBytes	
26.9	KBytes	220	Kbits/sec	0	8.48	KBytes	
38.2	KBytes	313	Kbits/sec	0	9.90	KBytes	
28.3	KBytes	232	Kbits/sec	0	8.48	KBytes	
60.8	KBytes	498	Kbits/sec	0	8.48	KBytes	
52.3	KBytes	428	Kbits/sec	0	11.3	KBytes	
58.0	KBytes	475	Kbits/sec	0	8.48	KBytes	
32.5	KBytes	266	Kbits/sec	2	2.83	KBytes	
28.3	KBytes	232	Kbits/sec	0	4.24	KBytes	
29.7	KBytes	243	Kbits/sec	0	8.48	KBytes	
42.4	KBytes	347	Kbits/sec	0	12.7	KBytes	
38.2	KBytes	313	Kbits/sec	0	14.1	KBytes	
19.8	KBytes	162	Kbits/sec	0	12.7	KBytes	
24.0	KBytes	197	Kbits/sec	1	11.3	KBytes	
26.9	KBytes	220	Kbits/sec	2	2.83	KBytes	
29.7	KBytes	244	Kbits/sec	0	5.66	KBytes	
15.6	KBytes	127	Kbits/sec	0	5.66	KBytes	
45.2	KBytes	371	Kbits/sec	0	8.48	KBytes	
55.1	KBytes	452	Kbits/sec	0	11.3	KBytes	
72.1	KBytes	591	Kbits/sec	0	12.7	KBytes	
29.7	KBytes	243	Kbits/sec	1	5.66	KBytes	
19.8	KBytes	162	Kbits/sec	0	7.07	KBytes	
15.6	KBytes	127	Kbits/sec	0	8.48	KBytes	
0.00	Bytes	0.00	bits/sec	0	8.48	KBytes	
18.4	KBytes	151	Kbits/sec	1	8.48	KBytes	
17.0	KBytes	139	Kbits/sec	0	9.90	KBytes	
25.5	KBytes	209	Kbits/sec	1	5.66	KBytes	
49.5	KBytes	406	Kbits/sec	0	9.90	KBytes	
56.6	KBytes	464	Kbits/sec	0	8.48	KBytes	
79.2	KBytes	649	Kbits/sec	0	14.1	KBytes	
46.7	KBytes	382	Kbits/sec	0	11.3	KBytes	
42.4	KBytes	348	Kbits/sec	0	15.6	KBytes	
26.9	KBytes	220	Kbits/sec	1	7.07	KBytes	
24.0	KBytes	197	Kbits/sec	0	7.07	KBytes	
32.5	KBytes	267	Kbits/sec	0	7.07	KBytes	
26.9	KBytes	220	Kbits/sec	0	5.66	KBytes	
17.0	KBytes	139	Kbits/sec	0	8.48	KBytes	
11.3	KBytes	92.7	Kbits/sec	0	8.48	KBytes	
43.8	KBytes	359	Kbits/sec	0	8.48	KBytes	
41.0	KBytes	336	Kbits/sec	0	12.7	KBytes	
24.0	KBytes	197	Kbits/sec	0	11.3	KBytes	
42.4	KBytes	348	Kbits/sec	2	9.90	KBytes	
55.1	KBytes	452	Kbits/sec	0	9.90	KBytes	
70.7	KBytes	579	Kbits/sec	0	11.3	KBytes	
31.1	KBytes	255	Kbits/sec	2	7.07	KBytes	
17.0	KBytes	139	Kbits/sec	0	8.48	KBytes	
28.3	KBytes	232	Kbits/sec	0	9.90	KBytes	
62.2	KBytes	510	Kbits/sec	0	12.7	KBytes	
46.7	KBytes	382	Kbits/sec	0	9.90	KBytes	
43.8	KBytes	359	Kbits/sec	0	7.07	KBytes	
33.9	KBytes	278	Kbits/sec	0	9.90	KBytes	
41.0	KBytes	336	Kbits/sec	0	5.66	KBytes	
18.4	KBytes	150	Kbits/sec	0	7.07	KBytes	
31.1	KBytes	255	Kbits/sec	0	9.90	KBytes	
49.5	KBytes	405	Kbits/sec	0	11.3	KBytes	
43.8	KBytes	359	Kbits/sec	0	8.48	KBytes	
63.6	KBytes	521	Kbits/sec	0	7.07	KBytes	
73.5	KBytes	602	Kbits/sec	0	7.07	KBytes	
70.7	KBytes	579	Kbits/sec	0	12.7	KBytes	
66.5	KBytes	544	Kbits/sec	0	18.4	KBytes	
55.1	KBytes	452	Kbits/sec	0	15.6	KBytes	
91.9	KBytes	753	Kbits/sec	0	11.3	KBytes	
110	KBytes	903	Kbits/sec	0	7.07	KBytes	
87.7	KBytes	718	Kbits/sec	0	7.07	KBytes	
58.0	KBytes	475	Kbits/sec	0	9.90	KBytes	
96.2	KBytes	788	Kbits/sec	0	7.07	KBytes	
59.4	KBytes	486	Kbits/sec	0	9.90	KBytes	
84.8	KBytes	695	Kbits/sec	0	17.0	KBytes	
102	KBytes	834	Kbits/sec	2	7.07	KBytes	
84.8	KBytes	695	Kbits/sec	0	11.3	KBytes	
117	KBytes	962	Kbits/sec	0	17.0	KBytes	
146	KBytes	1.19	Mbits/sec	0	14.1	KBytes	
62.2	KBytes	510	Kbits/sec	0	12.7	KBytes	
106	KBytes	869	Kbits/sec	1	11.3	KBytes	
257	KBytes	2.11	Mbits/sec	0	8.48	KBytes	
267	KBytes	2.19	Mbits/sec	0	8.48	KBytes	
259	KBytes	2.12	Mbits/sec	0	8.48	KBytes	
301	KBytes	2.47	Mbits/sec	0	7.07	KBytes	
293	KBytes	2.40	Mbits/sec	0	8.48	KBytes	
296	KBytes	2.42	Mbits/sec	0	8.48	KBytes	
291	KBytes	2.39	Mbits/sec	0	8.48	KBytes	
296	KBytes	2.42	Mbits/sec	0	8.48	KBytes	
280	KBytes	2.29	Mbits/sec	0	9.90	KBytes	
303	KBytes	2.48	Mbits/sec	0	7.07	KBytes	
296	KBytes	2.42	Mbits/sec	0	8.48	KBytes	
307	KBytes	2.51	Mbits/sec	0	7.07	KBytes	
304	KBytes	2.49	Mbits/sec	0	7.07	KBytes	
314	KBytes	2.57	Mbits/sec	0	7.07	KBytes	
293	KBytes	2.40	Mbits/sec	0	7.07	KBytes	
298	KBytes	2.44	Mbits/sec	0	8.48	KBytes	
324	KBytes	2.65	Mbits/sec	0	8.48	KBytes	
-	-	-	-	-	-	-	-	-	-	-	-	-	-	-	-	-	-	-	-	-	-	-	-	-
Test	Complete.	Summary	Results:
[	ID]	Interval	Transfer	Bandwidth	Retr
15.2	MBytes	424	Kbits/sec	100	sender
15.1	MBytes	422	Kbits/sec	receiver
CPU	Utilization:	local/sender	0.2%	(0.0%u/0.1%s),	remote/receiver	0.2%	(0.0%u/0.2%s)

iperf	Done.
